0 info it worked if it ends with ok
1 verbose cli [ 'C:\\Program Files (x86)\\Microsoft Visual Studio\\2017\\Community\\Web\\External\\Node.exe',
1 verbose cli   'C:\\Program Files (x86)\\Microsoft Visual Studio\\2017\\Community\\Web\\External\\node_modules\\npm\\bin\\npm-cli.js',
1 verbose cli   'install',
1 verbose cli   'jqeury@2.2.0' ]
2 info using npm@3.3.4
3 info using node@v5.4.1
4 silly loadCurrentTree Starting
5 silly install loadCurrentTree
6 silly install readLocalPackageData
7 silly fetchPackageMetaData jqeury@2.2.0
8 silly fetchNamedPackageData jqeury
9 silly mapToRegistry name jqeury
10 silly mapToRegistry using default registry
11 silly mapToRegistry registry https://registry.npmjs.org/
12 silly mapToRegistry uri https://registry.npmjs.org/jqeury
13 verbose request uri https://registry.npmjs.org/jqeury
14 verbose request no auth needed
15 info attempt registry request try #1 at 09:03:36
16 verbose request id 0a19bde5622c0329
17 verbose etag W/"4bcd32acd71166a05fc54b19ee41b0b7"
18 verbose lastModified Sat, 11 Aug 2018 20:03:15 GMT
19 http request GET https://registry.npmjs.org/jqeury
20 http 200 https://registry.npmjs.org/jqeury
21 verbose headers { date: 'Tue, 21 Aug 2018 06:03:40 GMT',
21 verbose headers   'content-type': 'application/json; charset=UTF-8',
21 verbose headers   'transfer-encoding': 'chunked',
21 verbose headers   connection: 'keep-alive',
21 verbose headers   'set-cookie': [ '__cfduid=d1280aecd5d5087fdbfbf6394256453c51534831419; expires=Wed, 21-Aug-19 06:03:39 GMT; path=/; domain=.registry.npmjs.org; HttpOnly' ],
21 verbose headers   'cf-cache-status': 'MISS',
21 verbose headers   'cache-control': 'max-age=300',
21 verbose headers   'cf-ray': '44dae5d31c479c4d-AMS',
21 verbose headers   etag: 'W/"5158d4bda137ba0d09721c92db39bcf8"',
21 verbose headers   'expect-ct': 'max-age=604800, report-uri="https://report-uri.cloudflare.com/cdn-cgi/beacon/expect-ct"',
21 verbose headers   'last-modified': 'Mon, 13 Aug 2018 12:58:29 GMT',
21 verbose headers   vary: 'accept-encoding, accept',
21 verbose headers   server: 'cloudflare',
21 verbose headers   'content-encoding': 'gzip' }
22 silly get cb [ 200,
22 silly get   { date: 'Tue, 21 Aug 2018 06:03:40 GMT',
22 silly get     'content-type': 'application/json; charset=UTF-8',
22 silly get     'transfer-encoding': 'chunked',
22 silly get     connection: 'keep-alive',
22 silly get     'set-cookie': [ '__cfduid=d1280aecd5d5087fdbfbf6394256453c51534831419; expires=Wed, 21-Aug-19 06:03:39 GMT; path=/; domain=.registry.npmjs.org; HttpOnly' ],
22 silly get     'cf-cache-status': 'MISS',
22 silly get     'cache-control': 'max-age=300',
22 silly get     'cf-ray': '44dae5d31c479c4d-AMS',
22 silly get     etag: 'W/"5158d4bda137ba0d09721c92db39bcf8"',
22 silly get     'expect-ct': 'max-age=604800, report-uri="https://report-uri.cloudflare.com/cdn-cgi/beacon/expect-ct"',
22 silly get     'last-modified': 'Mon, 13 Aug 2018 12:58:29 GMT',
22 silly get     vary: 'accept-encoding, accept',
22 silly get     server: 'cloudflare',
22 silly get     'content-encoding': 'gzip' } ]
23 verbose get saving jqeury to C:\Users\mi\AppData\Roaming\npm-cache\registry.npmjs.org\jqeury\.cache.json
24 verbose stack TypeError: Cannot convert undefined or null to object
24 verbose stack     at Function.keys (native)
24 verbose stack     at pickVersionFromRegistryDocument (C:\Program Files (x86)\Microsoft Visual Studio\2017\Community\Web\External\node_modules\npm\lib\fetch-package-metadata.js:111:29)
24 verbose stack     at C:\Program Files (x86)\Microsoft Visual Studio\2017\Community\Web\External\node_modules\iferr\index.js:13:50
24 verbose stack     at C:\Program Files (x86)\Microsoft Visual Studio\2017\Community\Web\External\node_modules\npm\lib\utils\pulse-till-done.js:19:8
24 verbose stack     at saved (C:\Program Files (x86)\Microsoft Visual Studio\2017\Community\Web\External\node_modules\npm\lib\cache\caching-client.js:168:7)
24 verbose stack     at C:\Program Files (x86)\Microsoft Visual Studio\2017\Community\Web\External\node_modules\npm\node_modules\graceful-fs\polyfills.js:210:7
24 verbose stack     at FSReqWrap.oncomplete (fs.js:82:15)
25 verbose cwd C:\project\WebPattern\WebPattern\WebPattern
26 error Windows_NT 10.0.16299
27 error argv "C:\\Program Files (x86)\\Microsoft Visual Studio\\2017\\Community\\Web\\External\\Node.exe" "C:\\Program Files (x86)\\Microsoft Visual Studio\\2017\\Community\\Web\\External\\node_modules\\npm\\bin\\npm-cli.js" "install" "jqeury@2.2.0"
28 error node v5.4.1
29 error npm  v3.3.4
30 error Cannot convert undefined or null to object
31 error If you need help, you may report this error at:
31 error     <https://github.com/npm/npm/issues>
32 verbose exit [ 1, true ]
